<?xml version="1.0" encoding="UTF-8"?>
<testng-results ignored="0" total="1" passed="1" failed="0" skipped="0">
  <reporter-output>
  </reporter-output>
  <suite started-at="2021-03-14T12:42:58 IST" name="Default suite" finished-at="2021-03-14T12:43:08 IST" duration-ms="10386">
    <groups>
    </groups>
    <test started-at="2021-03-14T12:42:58 IST" name="Default test" finished-at="2021-03-14T12:43:08 IST" duration-ms="10386">
      <class name="testing.Login">
        <test-method signature="login_page()[pri:0, instance:testing.Login@6a03bcb1]" started-at="2021-03-14T12:42:58 IST" name="login_page" finished-at="2021-03-14T12:43:08 IST" duration-ms="10288" status="PASS">
          <reporter-output>
          </reporter-output>
        </test-method> <!-- login_page -->
      </class> <!-- testing.Login -->
    </test> <!-- Default test -->
  </suite> <!-- Default suite -->
</testng-results>
