<?xml version="1.0" encoding="UTF-8"?>
<!-- Generated by org.testng.reporters.JUnitXMLReporter -->
<testsuite ignored="15" hostname="DESKTOP-V2RKAG5" failures="0" tests="4" name="Test" time="0.219" errors="0" timestamp="2021-03-07T12:17:09 IST">
  <testcase classname="testing.NewText1" name="testB" time="0.025"/>
  <testcase classname="testing.NewText1" name="testC" time="0.006"/>
  <testcase classname="testing.NewTest2" name="login" time="0.006"/>
  <testcase classname="testing.NewTest2" name="search" time="0.006"/>
  <testcase classname="testing.NewTest" name="testB" time="0.0">
    <ignored/>
  </testcase> <!-- testB -->
  <testcase classname="testing.NewTest" name="testC" time="0.0">
    <ignored/>
  </testcase> <!-- testC -->
  <testcase classname="testing.NewTest2" name="advancedsearch" time="0.0">
    <ignored/>
  </testcase> <!-- advancedsearch -->
  <testcase classname="testing.NewTest3" name="testC" time="0.0">
    <ignored/>
  </testcase> <!-- testC -->
  <testcase classname="testing.NewTest5" name="testA" time="0.0">
    <ignored/>
  </testcase> <!-- testA -->
  <testcase classname="testing.NewText1" name="testA" time="0.0">
    <ignored/>
  </testcase> <!-- testA -->
  <testcase classname="testing.NewTest4" name="testC" time="0.0">
    <ignored/>
  </testcase> <!-- testC -->
  <testcase classname="testing.NewTest5" name="testB" time="0.0">
    <ignored/>
  </testcase> <!-- testB -->
  <testcase classname="testing.NewTest3" name="testA" time="0.0">
    <ignored/>
  </testcase> <!-- testA -->
  <testcase classname="testing.NewTest4" name="testB" time="0.0">
    <ignored/>
  </testcase> <!-- testB -->
  <testcase classname="testing.NewTest5" name="testC" time="0.0">
    <ignored/>
  </testcase> <!-- testC -->
  <testcase classname="testing.NewTest3" name="testB" time="0.0">
    <ignored/>
  </testcase> <!-- testB -->
  <testcase classname="testing.NewTest4" name="testA" time="0.0">
    <ignored/>
  </testcase> <!-- testA -->
  <testcase classname="testing.NewTest" name="testA" time="0.0">
    <ignored/>
  </testcase> <!-- testA -->
  <testcase classname="testing.NewTest2" name="logout" time="0.0">
    <ignored/>
  </testcase> <!-- logout -->
</testsuite> <!-- Test -->
